-------------------------------------------------------------------------------
Test set: edu.uoc.epcsd.productcatalog.test.CatalogRepositoryIntegrationTest
-------------------------------------------------------------------------------
Tests run: 1, Failures: 0, Errors: 1, Skipped: 0, Time elapsed: 0.1 s <<< FAILURE! - in edu.uoc.epcsd.productcatalog.test.CatalogRepositoryIntegrationTest
whenFindByName_thenReturnCategory  Time elapsed: 0.003 s  <<< ERROR!
java.lang.IllegalStateException: Failed to load ApplicationContext
Caused by: java.lang.IllegalStateException: Unable to retrieve @EnableAutoConfiguration base packages

